<?xml version="1.0" encoding="UTF-8"?>
<!-- Generated by org.testng.reporters.JUnitXMLReporter -->
<testsuite hostname="HDC1-D-6ZBHXH2" name="Default test" tests="4" failures="0" timestamp="25 Oct 2018 07:05:28 GMT" time="35.9" errors="0">
  <testcase name="testPageTitleSample2" time="10.739" classname="com.test.Test2"/>
  <testcase name="testSampleOne" time="0.002" classname="com.test.Test2"/>
  <testcase name="testSampleThree" time="0.001" classname="com.test.Test2"/>
  <testcase name="testSampleTwo" time="0.002" classname="com.test.Test2"/>
</testsuite> <!-- Default test -->
