<?xml version="1.0" encoding="UTF-8"?>
<!-- Generated by org.testng.reporters.JUnitXMLReporter -->
<testsuite hostname="CSE-1405339" ignored="0" name="TestNG Test Group" tests="7" failures="0" timestamp="08 Oct 2018 15:04:51 GMT" time="73.008" errors="0">
  <testcase name="testPageTitleSample1" time="33.852" classname="com.test.Test1"/>
  <testcase name="testSampleThree" time="0.002" classname="com.test.Test1"/>
  <testcase name="testSampleTwo" time="0.002" classname="com.test.Test1"/>
  <testcase name="testPageTitleSample2" time="30.575" classname="com.test.Test2"/>
  <testcase name="testSampleOne" time="0.002" classname="com.test.Test2"/>
  <testcase name="testSampleThree" time="0.002" classname="com.test.Test2"/>
  <testcase name="testSampleTwo" time="0.003" classname="com.test.Test2"/>
</testsuite> <!-- TestNG Test Group -->
