<?xml version="1.0" encoding="UTF-8" ?>
<testsuite tests="11" failures="2" name="TestSuite" time="0.486" errors="0" skipped="9">
  <properties>
[...]
</properties>
  <testcase classname="com.test.Test1" name="setUp" time="0.482">
    <failure message="The driver executable does not exist: C:\Users\kiit\eclipse-workspace\AutomationPOCs\chromedriver.exe" type="java.lang.IllegalStateException">java.lang.IllegalStateException: The driver executable does not exist: C:\Users\kiit\eclipse-workspace\AutomationPOCs\chromedriver.exe
	at com.google.common.base.Preconditions.checkState(Preconditions.java:585)
	at org.openqa.selenium.remote.service.DriverService.checkExecutable(DriverService.java:137)
	at org.openqa.selenium.remote.service.DriverService.findExecutable(DriverService.java:132)
	at org.openqa.selenium.chrome.ChromeDriverService.access$000(ChromeDriverService.java:35)
	at org.openqa.selenium.chrome.ChromeDriverService$Builder.findDefaultExecutable(ChromeDriverService.java:156)
	at org.openqa.selenium.remote.service.DriverService$Builder.build(DriverService.java:346)
	at org.openqa.selenium.chrome.ChromeDriverService.createDefaultService(ChromeDriverService.java:91)
	at org.openqa.selenium.chrome.ChromeDriver.&lt;init&gt;(ChromeDriver.java:123)
	at com.test.Test1.setUp(Test1.java:19)
</failure>
    <system-out>Configuring TestNG with: org.apache.maven.surefire.testng.conf.TestNG652Configurator@1efed156
*******************
launching the browser
</system-out>
  </testcase>
  <testcase classname="com.test.Test1" name="testPageTitleSample1" time="0.001">
    <skipped/>
  </testcase>
  <testcase classname="com.test.Test1" name="testSampleThree" time="0">
    <skipped/>
  </testcase>
  <testcase classname="com.test.Test1" name="testSampleTwo" time="0">
    <skipped/>
  </testcase>
  <testcase classname="com.test.Test1" name="tearDown" time="0">
    <skipped/>
  </testcase>
  <testcase classname="com.test.Test2" name="setUp" time="0.002">
    <failure message="The driver executable does not exist: C:\Users\kiit\eclipse-workspace\AutomationPOCs\chromedriver.exe" type="java.lang.IllegalStateException">java.lang.IllegalStateException: The driver executable does not exist: C:\Users\kiit\eclipse-workspace\AutomationPOCs\chromedriver.exe
	at com.google.common.base.Preconditions.checkState(Preconditions.java:585)
	at org.openqa.selenium.remote.service.DriverService.checkExecutable(DriverService.java:137)
	at org.openqa.selenium.remote.service.DriverService.findExecutable(DriverService.java:132)
	at org.openqa.selenium.chrome.ChromeDriverService.access$000(ChromeDriverService.java:35)
	at org.openqa.selenium.chrome.ChromeDriverService$Builder.findDefaultExecutable(ChromeDriverService.java:156)
	at org.openqa.selenium.remote.service.DriverService$Builder.build(DriverService.java:346)
	at org.openqa.selenium.chrome.ChromeDriverService.createDefaultService(ChromeDriverService.java:91)
	at org.openqa.selenium.chrome.ChromeDriver.&lt;init&gt;(ChromeDriver.java:123)
	at com.test.Test2.setUp(Test2.java:22)
</failure>
    <system-out>*******************
launching chrome  browser
</system-out>
  </testcase>
  <testcase classname="com.test.Test2" name="testPageTitleSample2" time="0">
    <skipped/>
  </testcase>
  <testcase classname="com.test.Test2" name="testSampleOne" time="0.001">
    <skipped/>
  </testcase>
  <testcase classname="com.test.Test2" name="testSampleThree" time="0">
    <skipped/>
  </testcase>
  <testcase classname="com.test.Test2" name="testSampleTwo" time="0">
    <skipped/>
  </testcase>
  <testcase classname="com.test.Test2" name="tearDown" time="0">
    <skipped/>
  </testcase>
</testsuite>